<?xml version="1.0" encoding="UTF-8"?>
<!-- Generated by org.testng.reporters.JUnitReportReporter -->
<testsuite hostname="Rahul" failures="0" tests="1" name="crmtest.NewContactTest" time="44.120" errors="0" timestamp="2023-05-10T18:19:52 IST" skipped="0">
  <testcase classname="crmtest.NewContactTest" name="validateCreateContact" time="44.120"/>
  <system-out/>
</testsuite> <!-- crmtest.NewContactTest -->
