<?xml version="1.0" encoding="UTF-8"?>
<!-- Generated by org.testng.reporters.JUnitReportReporter -->
<testsuite hostname="Rahul" failures="0" tests="1" name="automationTestingJan23.GoogleTest" time="17.063" errors="0" timestamp="2023-05-06T17:46:36 IST" skipped="0">
  <testcase classname="automationTestingJan23.GoogleTest" name="googleSearch" time="17.063"/>
  <system-out/>
</testsuite> <!-- automationTestingJan23.GoogleTest -->
