<?xml version="1.0" encoding="UTF-8"?>
<!-- Generated by org.testng.reporters.JUnitReportReporter -->
<testsuite hostname="Rahul" failures="0" tests="5" name="crmtest.HomePageTest" time="189.782" errors="0" timestamp="2023-05-10T15:20:54 IST" skipped="0">
  <testcase classname="crmtest.HomePageTest" name="validateLogoutTest" time="38.501"/>
  <system-out/>
  <testcase classname="crmtest.HomePageTest" name="validateRedirectionOfCreatContactTest" time="37.900"/>
  <system-out/>
  <testcase classname="crmtest.HomePageTest" name="validateUserTest" time="43.436"/>
  <system-out/>
  <testcase classname="crmtest.HomePageTest" name="tearDown" time="36.807"/>
  <system-out/>
  <testcase classname="crmtest.HomePageTest" name="validateHomePageLogoTest" time="33.138"/>
  <system-out/>
</testsuite> <!-- crmtest.HomePageTest -->
